<?xml version="1.0" encoding="UTF-8"?>
<testsuite xmlns:xsi="http://www.w3.org/2001/XMLSchema-instance" xsi:noNamespaceSchemaLocation="https://maven.apache.org/surefire/maven-surefire-plugin/xsd/surefire-test-report.xsd" name="com.stackroute.CalculatorTest" time="0.667" tests="12" errors="0" skipped="1" failures="0">
  <properties>
    <property name="java.specification.version" value="17"/>
    <property name="sun.cpu.isalist" value="amd64"/>
    <property name="sun.jnu.encoding" value="Cp1252"/>
    <property name="java.class.path" value="D:\Batches\Virtusa Batch-7\BackendDemos\cicdtestmaven\target\test-classes;D:\Batches\Virtusa Batch-7\BackendDemos\cicdtestmaven\target\classes;C:\Users\Sachin.Dhadwal\.m2\repository\org\junit\jupiter\junit-jupiter-api\5.7.1\junit-jupiter-api-5.7.1.jar;C:\Users\Sachin.Dhadwal\.m2\repository\org\apiguardian\apiguardian-api\1.1.0\apiguardian-api-1.1.0.jar;C:\Users\Sachin.Dhadwal\.m2\repository\org\opentest4j\opentest4j\1.2.0\opentest4j-1.2.0.jar;C:\Users\Sachin.Dhadwal\.m2\repository\org\junit\platform\junit-platform-commons\1.7.1\junit-platform-commons-1.7.1.jar;C:\Users\Sachin.Dhadwal\.m2\repository\org\junit\jupiter\junit-jupiter-params\5.7.1\junit-jupiter-params-5.7.1.jar;C:\Users\Sachin.Dhadwal\.m2\repository\org\junit\jupiter\junit-jupiter-engine\5.7.1\junit-jupiter-engine-5.7.1.jar;C:\Users\Sachin.Dhadwal\.m2\repository\org\junit\platform\junit-platform-engine\1.7.1\junit-platform-engine-1.7.1.jar;C:\Users\Sachin.Dhadwal\.m2\repository\org\mockito\mockito-junit-jupiter\3.7.7\mockito-junit-jupiter-3.7.7.jar;C:\Users\Sachin.Dhadwal\.m2\repository\org\mockito\mockito-core\3.7.7\mockito-core-3.7.7.jar;C:\Users\Sachin.Dhadwal\.m2\repository\net\bytebuddy\byte-buddy\1.10.19\byte-buddy-1.10.19.jar;C:\Users\Sachin.Dhadwal\.m2\repository\net\bytebuddy\byte-buddy-agent\1.10.19\byte-buddy-agent-1.10.19.jar;C:\Users\Sachin.Dhadwal\.m2\repository\org\objenesis\objenesis\3.1\objenesis-3.1.jar;"/>
    <property name="java.vm.vendor" value="Oracle Corporation"/>
    <property name="sun.arch.data.model" value="64"/>
    <property name="user.variant" value=""/>
    <property name="java.vendor.url" value="https://java.oracle.com/"/>
    <property name="user.timezone" value="Asia/Calcutta"/>
    <property name="os.name" value="Windows 11"/>
    <property name="java.vm.specification.version" value="17"/>
    <property name="sun.java.launcher" value="SUN_STANDARD"/>
    <property name="user.country" value="IN"/>
    <property name="sun.boot.library.path" value="C:\Program Files\Java\jdk-17.0.5\bin"/>
    <property name="sun.java.command" value="C:\Users\SACHIN~1.DHA\AppData\Local\Temp\surefire3740539950456551896\surefirebooter18013348129702437807.jar C:\Users\Sachin.Dhadwal\AppData\Local\Temp\surefire3740539950456551896 2024-10-16T10-19-47_326-jvmRun1 surefire14349755388058238901tmp surefire_09053031153291237361tmp"/>
    <property name="jdk.debug" value="release"/>
    <property name="surefire.test.class.path" value="D:\Batches\Virtusa Batch-7\BackendDemos\cicdtestmaven\target\test-classes;D:\Batches\Virtusa Batch-7\BackendDemos\cicdtestmaven\target\classes;C:\Users\Sachin.Dhadwal\.m2\repository\org\junit\jupiter\junit-jupiter-api\5.7.1\junit-jupiter-api-5.7.1.jar;C:\Users\Sachin.Dhadwal\.m2\repository\org\apiguardian\apiguardian-api\1.1.0\apiguardian-api-1.1.0.jar;C:\Users\Sachin.Dhadwal\.m2\repository\org\opentest4j\opentest4j\1.2.0\opentest4j-1.2.0.jar;C:\Users\Sachin.Dhadwal\.m2\repository\org\junit\platform\junit-platform-commons\1.7.1\junit-platform-commons-1.7.1.jar;C:\Users\Sachin.Dhadwal\.m2\repository\org\junit\jupiter\junit-jupiter-params\5.7.1\junit-jupiter-params-5.7.1.jar;C:\Users\Sachin.Dhadwal\.m2\repository\org\junit\jupiter\junit-jupiter-engine\5.7.1\junit-jupiter-engine-5.7.1.jar;C:\Users\Sachin.Dhadwal\.m2\repository\org\junit\platform\junit-platform-engine\1.7.1\junit-platform-engine-1.7.1.jar;C:\Users\Sachin.Dhadwal\.m2\repository\org\mockito\mockito-junit-jupiter\3.7.7\mockito-junit-jupiter-3.7.7.jar;C:\Users\Sachin.Dhadwal\.m2\repository\org\mockito\mockito-core\3.7.7\mockito-core-3.7.7.jar;C:\Users\Sachin.Dhadwal\.m2\repository\net\bytebuddy\byte-buddy\1.10.19\byte-buddy-1.10.19.jar;C:\Users\Sachin.Dhadwal\.m2\repository\net\bytebuddy\byte-buddy-agent\1.10.19\byte-buddy-agent-1.10.19.jar;C:\Users\Sachin.Dhadwal\.m2\repository\org\objenesis\objenesis\3.1\objenesis-3.1.jar;"/>
    <property name="sun.cpu.endian" value="little"/>
    <property name="user.home" value="C:\Users\Sachin.Dhadwal"/>
    <property name="user.language" value="en"/>
    <property name="java.specification.vendor" value="Oracle Corporation"/>
    <property name="java.version.date" value="2022-10-18"/>
    <property name="java.home" value="C:\Program Files\Java\jdk-17.0.5"/>
    <property name="file.separator" value="\"/>
    <property name="basedir" value="D:\Batches\Virtusa Batch-7\BackendDemos\cicdtestmaven"/>
    <property name="java.vm.compressedOopsMode" value="Zero based"/>
    <property name="line.separator" value="&#10;"/>
    <property name="java.vm.specification.vendor" value="Oracle Corporation"/>
    <property name="java.specification.name" value="Java Platform API Specification"/>
    <property name="surefire.real.class.path" value="C:\Users\SACHIN~1.DHA\AppData\Local\Temp\surefire3740539950456551896\surefirebooter18013348129702437807.jar"/>
    <property name="user.script" value=""/>
    <property name="sun.management.compiler" value="HotSpot 64-Bit Tiered Compilers"/>
    <property name="java.runtime.version" value="17.0.5+9-LTS-191"/>
    <property name="user.name" value="Sachin.Dhadwal"/>
    <property name="path.separator" value=";"/>
    <property name="os.version" value="10.0"/>
    <property name="java.runtime.name" value="Java(TM) SE Runtime Environment"/>
    <property name="file.encoding" value="Cp1252"/>
    <property name="java.vm.name" value="Java HotSpot(TM) 64-Bit Server VM"/>
    <property name="localRepository" value="C:\Users\Sachin.Dhadwal\.m2\repository"/>
    <property name="java.vendor.url.bug" value="https://bugreport.java.com/bugreport/"/>
    <property name="java.io.tmpdir" value="C:\Users\SACHIN~1.DHA\AppData\Local\Temp\"/>
    <property name="java.version" value="17.0.5"/>
    <property name="user.dir" value="D:\Batches\Virtusa Batch-7\BackendDemos\cicdtestmaven"/>
    <property name="os.arch" value="amd64"/>
    <property name="java.vm.specification.name" value="Java Virtual Machine Specification"/>
    <property name="sun.os.patch.level" value=""/>
    <property name="native.encoding" value="Cp1252"/>
    <property name="java.library.path" value="C:\Program Files\Java\jdk-17.0.5\bin;C:\WINDOWS\Sun\Java\bin;C:\WINDOWS\system32;C:\WINDOWS;C:\Users\Administrator\AppData\Local\Programs\Python\Python312\Scripts\;C:\Users\Administrator\AppData\Local\Programs\Python\Python312\;C:\Program Files\Java\jdk-17.0.5\bin;C:\Python311\Scripts\;C:\Python311\;C:\Program Files\Common Files\Oracle\Java\javapath;C:\WINDOWS\system32;C:\WINDOWS;C:\WINDOWS\System32\Wbem;C:\WINDOWS\System32\WindowsPowerShell\v1.0\;C:\WINDOWS\System32\OpenSSH\;C:\ProgramData\chocolatey\bin;C:\Users\Sachin.Dhadwal\AppData\Roaming\npm;C:\Users\Sachin.Dhadwal\AppData\Roaming\npm\node_modules\@angular\cli\bin;C:\Program Files\maven\apache-maven-3.8.7\bin;C:\Program Files\Microsoft SQL Server\150\Tools\Binn\;C:\Program Files\Docker\Docker\resources\bin;C:\Program Files\Git\bin;C:\Program Files\Git\cmd;C:\Program Files (x86)\Yarn\bin\;C:\Program Files\PuTTY\;C:\Users\Sachin.Dhadwal\AppData\Roaming\nvm;C:\Program Files\nodejs;&quot;;C:\Program Files\nodejs&quot;;C:\Program Files\nodejs\;C:\Users\Sachin.Dhadwal\AppData\Local\Microsoft\WindowsApps;C:\Users\Sachin.Dhadwal\.dotnet\tools;C:\Users\Sachin.Dhadwal\AppData\Local\Programs\Microsoft VS Code\bin;C:\Users\Sachin.Dhadwal\AppData\Local\Yarn\bin;C:\Users\Sachin.Dhadwal\AppData\Roaming\npm;."/>
    <property name="java.vm.info" value="mixed mode, sharing"/>
    <property name="java.vendor" value="Oracle Corporation"/>
    <property name="java.vm.version" value="17.0.5+9-LTS-191"/>
    <property name="sun.io.unicode.encoding" value="UnicodeLittle"/>
    <property name="java.class.version" value="61.0"/>
  </properties>
  <testcase name="shouldReturnSumOfTheTwoNumbers" classname="com.stackroute.CalculatorTest" time="0">
    <skipped message="public void com.stackroute.CalculatorTest.shouldReturnSumOfTheTwoNumbers() is @Disabled"/>
  </testcase>
  <testcase name="checkNumberShouldnotbeNegativeValue" classname="com.stackroute.CalculatorTest" time="0.02"/>
  <testcase name="shouldReturnWelcomeMessage" classname="com.stackroute.CalculatorTest" time="0.002"/>
  <testcase name="shoudlReturnLenghtOfText" classname="com.stackroute.CalculatorTest" time="0.001"/>
  <testcase name="ShouldReturnSizeofList" classname="com.stackroute.CalculatorTest" time="0.552"/>
  <testcase name="ShoudlReturnOddValues{int}[1]" classname="com.stackroute.CalculatorTest" time="0.026"/>
  <testcase name="ShoudlReturnOddValues{int}[2]" classname="com.stackroute.CalculatorTest" time="0.001"/>
  <testcase name="ShoudlReturnOddValues{int}[3]" classname="com.stackroute.CalculatorTest" time="0"/>
  <testcase name="ShoudlReturnOddValues{int}[4]" classname="com.stackroute.CalculatorTest" time="0.001"/>
  <testcase name="ShoudlReturnOddValues{int}[5]" classname="com.stackroute.CalculatorTest" time="0"/>
  <testcase name="ShoudlReturnOddValues{int}[6]" classname="com.stackroute.CalculatorTest" time="0.001"/>
  <testcase name="CheckTestCasePass" classname="com.stackroute.CalculatorTest" time="0.002"/>
</testsuite>